<?xml version="1.0" encoding="UTF-8"?>
<testsuite name="repository.MemoryMemberRespositoryTest" tests="3" skipped="0" failures="0" errors="0" timestamp="2022-06-06T12:46:05" hostname="DESKTOP-RGFHAOT" time="0.036">
  <properties/>
  <testcase name="findAll()" classname="repository.MemoryMemberRespositoryTest" time="0.034"/>
  <testcase name="findByName()" classname="repository.MemoryMemberRespositoryTest" time="0.0"/>
  <testcase name="save()" classname="repository.MemoryMemberRespositoryTest" time="0.001"/>
  <system-out><![CDATA[]]></system-out>
  <system-err><![CDATA[]]></system-err>
</testsuite>
