<?xml version="1.0" encoding="UTF-8"?>
<testsuite name="com.example.demo.NewApplicationTests" tests="1" skipped="0" failures="0" errors="0" timestamp="2022-06-06T12:46:05" hostname="DESKTOP-RGFHAOT" time="0.284">
  <properties/>
  <testcase name="contextLoads()" classname="com.example.demo.NewApplicationTests" time="0.284"/>
  <system-out><![CDATA[21:46:03.808 [Test worker] DEBUG org.springframework.test.context.BootstrapUtils - Instantiating CacheAwareContextLoaderDelegate from class [org.springframework.test.context.cache.DefaultCacheAwareContextLoaderDelegate]
21:46:03.816 [Test worker] DEBUG org.springframework.test.context.BootstrapUtils - Instantiating BootstrapContext using constructor [public org.springframework.test.context.support.DefaultBootstrapContext(java.lang.Class,org.springframework.test.context.CacheAwareContextLoaderDelegate)]
21:46:03.838 [Test worker] DEBUG org.springframework.test.context.BootstrapUtils - Instantiating TestContextBootstrapper for test class [com.example.demo.NewApplicationTests] from class [org.springframework.boot.test.context.SpringBootTestContextBootstrapper]
21:46:03.845 [Test worker] INFO org.springframework.boot.test.context.SpringBootTestContextBootstrapper - Neither @ContextConfiguration nor @ContextHierarchy found for test class [com.example.demo.NewApplicationTests], using SpringBootContextLoader
21:46:03.847 [Test worker] DEBUG org.springframework.test.context.support.AbstractContextLoader - Did not detect default resource location for test class [com.example.demo.NewApplicationTests]: class path resource [com/example/demo/NewApplicationTests-context.xml] does not exist
21:46:03.847 [Test worker] DEBUG org.springframework.test.context.support.AbstractContextLoader - Did not detect default resource location for test class [com.example.demo.NewApplicationTests]: class path resource [com/example/demo/NewApplicationTestsContext.groovy] does not exist
21:46:03.847 [Test worker] INFO org.springframework.test.context.support.AbstractContextLoader - Could not detect default resource locations for test class [com.example.demo.NewApplicationTests]: no resource found for suffixes {-context.xml, Context.groovy}.
21:46:03.848 [Test worker] INFO org.springframework.test.context.support.AnnotationConfigContextLoaderUtils - Could not detect default configuration classes for test class [com.example.demo.NewApplicationTests]: NewApplicationTests does not declare any static, non-private, non-final, nested classes annotated with @Configuration.
21:46:03.873 [Test worker] DEBUG org.springframework.test.context.support.ActiveProfilesUtils - Could not find an 'annotation declaring class' for annotation type [org.springframework.test.context.ActiveProfiles] and class [com.example.demo.NewApplicationTests]
21:46:03.910 [Test worker] DEBUG org.springframework.context.annotation.ClassPathScanningCandidateComponentProvider - Identified candidate component class: file [C:\Users\duf73\code_new\Springsite\new\build\classes\java\main\com\example\demo\NewApplication.class]
21:46:03.911 [Test worker] INFO org.springframework.boot.test.context.SpringBootTestContextBootstrapper - Found @SpringBootConfiguration com.example.demo.NewApplication for test class com.example.demo.NewApplicationTests
21:46:03.972 [Test worker] DEBUG org.springframework.boot.test.context.SpringBootTestContextBootstrapper - @TestExecutionListeners is not present for class [com.example.demo.NewApplicationTests]: using defaults.
21:46:03.972 [Test worker] INFO org.springframework.boot.test.context.SpringBootTestContextBootstrapper - Loaded default TestExecutionListener class names from location [META-INF/spring.factories]: [org.springframework.boot.test.autoconfigure.restdocs.RestDocsTestExecutionListener, org.springframework.boot.test.autoconfigure.web.client.MockRestServiceServerResetTestExecutionListener, org.springframework.boot.test.autoconfigure.web.servlet.MockMvcPrintOnlyOnFailureTestExecutionListener, org.springframework.boot.test.autoconfigure.web.servlet.WebDriverTestExecutionListener, org.springframework.boot.test.autoconfigure.webservices.client.MockWebServiceServerTestExecutionListener, org.springframework.boot.test.mock.mockito.MockitoTestExecutionListener, org.springframework.boot.test.mock.mockito.ResetMocksTestExecutionListener, org.springframework.test.context.web.ServletTestExecutionListener, org.springframework.test.context.support.DirtiesContextBeforeModesTestExecutionListener, org.springframework.test.context.event.ApplicationEventsTestExecutionListener, org.springframework.test.context.support.DependencyInjectionTestExecutionListener, org.springframework.test.context.support.DirtiesContextTestExecutionListener, org.springframework.test.context.transaction.TransactionalTestExecutionListener, org.springframework.test.context.jdbc.SqlScriptsTestExecutionListener, org.springframework.test.context.event.EventPublishingTestExecutionListener]
21:46:03.979 [Test worker] DEBUG org.springframework.boot.test.context.SpringBootTestContextBootstrapper - Skipping candidate TestExecutionListener [org.springframework.test.context.transaction.TransactionalTestExecutionListener] due to a missing dependency. Specify custom listener classes or make the default listener classes and their required dependencies available. Offending class: [org/springframework/transaction/interceptor/TransactionAttributeSource]
21:46:03.980 [Test worker] DEBUG org.springframework.boot.test.context.SpringBootTestContextBootstrapper - Skipping candidate TestExecutionListener [org.springframework.test.context.jdbc.SqlScriptsTestExecutionListener] due to a missing dependency. Specify custom listener classes or make the default listener classes and their required dependencies available. Offending class: [org/springframework/transaction/interceptor/TransactionAttribute]
21:46:03.980 [Test worker] INFO org.springframework.boot.test.context.SpringBootTestContextBootstrapper - Using TestExecutionListeners: [org.springframework.test.context.web.ServletTestExecutionListener@6b5894c8, org.springframework.test.context.support.DirtiesContextBeforeModesTestExecutionListener@1433046b, org.springframework.test.context.event.ApplicationEventsTestExecutionListener@3f446bef, org.springframework.boot.test.mock.mockito.MockitoTestExecutionListener@7829b776, org.springframework.boot.test.autoconfigure.SpringBootDependencyInjectionTestExecutionListener@5778826f, org.springframework.test.context.support.DirtiesContextTestExecutionListener@5b64c4b7, org.springframework.test.context.event.EventPublishingTestExecutionListener@4763c727, org.springframework.boot.test.autoconfigure.restdocs.RestDocsTestExecutionListener@72445aba, org.springframework.boot.test.autoconfigure.web.client.MockRestServiceServerResetTestExecutionListener@61bcd567, org.springframework.boot.test.autoconfigure.web.servlet.MockMvcPrintOnlyOnFailureTestExecutionListener@1c80e49b, org.springframework.boot.test.autoconfigure.web.servlet.WebDriverTestExecutionListener@458342d3, org.springframework.boot.test.autoconfigure.webservices.client.MockWebServiceServerTestExecutionListener@15c25153, org.springframework.boot.test.mock.mockito.ResetMocksTestExecutionListener@1252b961]
21:46:03.982 [Test worker] DEBUG org.springframework.test.context.support.AbstractDirtiesContextTestExecutionListener - Before test class: context [DefaultTestContext@4c51bb7 testClass = NewApplicationTests, testInstance = [null], testMethod = [null], testException = [null], mergedContextConfiguration = [WebMergedContextConfiguration@83298d7 testClass = NewApplicationTests, locations = '{}', classes = '{class com.example.demo.NewApplication}', contextInitializerClasses = '[]', activeProfiles = '{}', propertySourceLocations = '{}', propertySourceProperties = '{org.springframework.boot.test.context.SpringBootTestContextBootstrapper=true}', contextCustomizers = set[org.springframework.boot.test.autoconfigure.actuate.metrics.MetricsExportContextCustomizerFactory$DisableMetricExportContextCustomizer@1c33c17b, org.springframework.boot.test.autoconfigure.properties.PropertyMappingContextCustomizer@0, org.springframework.boot.test.autoconfigure.web.servlet.WebDriverContextCustomizerFactory$Customizer@49ff7d8c, org.springframework.boot.test.context.filter.ExcludeFilterContextCustomizer@7fb95505, org.springframework.boot.test.json.DuplicateJsonObjectContextCustomizerFactory$DuplicateJsonObjectContextCustomizer@50d13246, org.springframework.boot.test.mock.mockito.MockitoContextCustomizer@0, org.springframework.boot.test.web.client.TestRestTemplateContextCustomizer@4331d187, org.springframework.boot.test.context.SpringBootTestArgs@1, org.springframework.boot.test.context.SpringBootTestWebEnvironment@6a370f4], resourceBasePath = 'src/main/webapp', contextLoader = 'org.springframework.boot.test.context.SpringBootContextLoader', parent = [null]], attributes = map['org.springframework.test.context.web.ServletTestExecutionListener.activateListener' -> true]], class annotated with @DirtiesContext [false] with mode [null].

  .   ____          _            __ _ _
 /\\ / ___'_ __ _ _(_)_ __  __ _ \ \ \ \
( ( )\___ | '_ | '_| | '_ \/ _` | \ \ \ \
 \\/  ___)| |_)| | | | | || (_| |  ) ) ) )
  '  |____| .__|_| |_|_| |_\__, | / / / /
 =========|_|==============|___/=/_/_/_/
 :: Spring Boot ::                (v2.7.0)

2022-06-06 21:46:04.168  INFO 20892 --- [    Test worker] com.example.demo.NewApplicationTests     : Starting NewApplicationTests using Java 18.0.1.1 on DESKTOP-RGFHAOT with PID 20892 (started by duf73 in C:\Users\duf73\code_new\Springsite\new)
2022-06-06 21:46:04.169  INFO 20892 --- [    Test worker] com.example.demo.NewApplicationTests     : No active profile set, falling back to 1 default profile: "default"
2022-06-06 21:46:04.906  INFO 20892 --- [    Test worker] o.s.b.a.w.s.WelcomePageHandlerMapping    : Adding welcome page template: index
2022-06-06 21:46:05.080  INFO 20892 --- [    Test worker] com.example.demo.NewApplicationTests     : Started NewApplicationTests in 1.071 seconds (JVM running for 1.784)
]]></system-out>
  <system-err><![CDATA[]]></system-err>
</testsuite>
